<?xml version="1.0" encoding="UTF-8"?>
<robot generator="Robot 5.0.1 (Python 3.10.4 on win32)" generated="20220912 15:44:51.874" rpa="false" schemaversion="3">
<suite id="s1" name="Verify Data Client" source="c:\Users\jormonto\Documents\Sql_acceptance_test\test_cases\data\verify_data_client.robot">
<kw name="Setup" library="connection_database_postgresql" type="SETUP">
<kw name="Connect To Database" library="DatabaseLibrary">
<var>${output}</var>
<var>${output}</var>
<arg>psycopg2</arg>
<arg>${DBName}</arg>
<arg>${DBUser}</arg>
<arg>${DBPass}</arg>
<arg>${DBHost}</arg>
<arg>${DBPort}</arg>
<doc>Loads the DB API 2.0 module given `dbapiModuleName` then uses it to
connect to the database using `dbName`, `dbUsername`, and `dbPassword`.</doc>
<msg timestamp="20220912 15:44:51.959" level="INFO">Connecting using : psycopg2.connect(database=itccdcd, user=postgres, password=admin, host=localhost, port=5432) </msg>
<msg timestamp="20220912 15:44:51.989" level="INFO">${output} = None</msg>
<msg timestamp="20220912 15:44:51.989" level="INFO">${output} = None</msg>
<status status="PASS" starttime="20220912 15:44:51.937" endtime="20220912 15:44:51.989"/>
</kw>
<kw name="Should Be Equal As Strings" library="BuiltIn">
<arg>${output}</arg>
<arg>None</arg>
<doc>Fails if objects are unequal after converting them to strings.</doc>
<msg timestamp="20220912 15:44:51.990" level="INFO">Argument types are:
&lt;class 'NoneType'&gt;
&lt;class 'str'&gt;</msg>
<status status="PASS" starttime="20220912 15:44:51.990" endtime="20220912 15:44:51.990"/>
</kw>
<status status="PASS" starttime="20220912 15:44:51.936" endtime="20220912 15:44:51.990"/>
</kw>
<test id="s1-t1" name="Check client exist in DB" line="14">
<kw name="Execute Sql Script" library="DatabaseLibrary">
<arg>${var}</arg>
<doc>Executes the content of the `sqlScriptFileName` as SQL commands. Useful for setting the database to a known
state before running your tests, or clearing out your test data after running each a test. Set optional input
`sansTran` to True to run command without an explicit transaction commit or rollback.</doc>
<msg timestamp="20220912 15:44:51.992" level="INFO">Executing : Execute SQL Script  |  ./resources/test_data/prepare_db_client.sql </msg>
<status status="PASS" starttime="20220912 15:44:51.991" endtime="20220912 15:44:52.021"/>
</kw>
<kw name="Query" library="DatabaseLibrary">
<var>${output}</var>
<arg>select document_number from schalerd.client where document_number=123;</arg>
<doc>Uses the input `selectStatement` to query for the values that will be returned as a list of tuples. Set optional
input `sansTran` to True to run command without an explicit transaction commit or rollback.
Set optional input `returnAsDict` to True to return values as a list of dictionaries.</doc>
<msg timestamp="20220912 15:44:52.022" level="INFO">Executing : Query  |  select document_number from schalerd.client where document_number=123; </msg>
<msg timestamp="20220912 15:44:52.024" level="INFO">${output} = [(123,)]</msg>
<status status="PASS" starttime="20220912 15:44:52.021" endtime="20220912 15:44:52.024"/>
</kw>
<kw name="Log To Console" library="BuiltIn">
<arg>${output[0][0]}</arg>
<doc>Logs the given message to the console.</doc>
<status status="PASS" starttime="20220912 15:44:52.024" endtime="20220912 15:44:52.025"/>
</kw>
<kw name="Should Be Equal As Strings" library="BuiltIn">
<arg>${output[0][0]}</arg>
<arg>123</arg>
<doc>Fails if objects are unequal after converting them to strings.</doc>
<msg timestamp="20220912 15:44:52.027" level="INFO">Argument types are:
&lt;class 'int'&gt;
&lt;class 'str'&gt;</msg>
<status status="PASS" starttime="20220912 15:44:52.026" endtime="20220912 15:44:52.027"/>
</kw>
<status status="PASS" starttime="20220912 15:44:51.991" endtime="20220912 15:44:52.028"/>
</test>
<kw name="Disconnect From Database" library="DatabaseLibrary" type="TEARDOWN">
<doc>Disconnects from the database.</doc>
<msg timestamp="20220912 15:44:52.030" level="INFO">Executing : Disconnect From Database</msg>
<status status="PASS" starttime="20220912 15:44:52.029" endtime="20220912 15:44:52.030"/>
</kw>
<status status="PASS" starttime="20220912 15:44:51.882" endtime="20220912 15:44:52.030"/>
</suite>
<statistics>
<total>
<stat pass="1" fail="0" skip="0">All Tests</stat>
</total>
<tag>
</tag>
<suite>
<stat pass="1" fail="0" skip="0" id="s1" name="Verify Data Client">Verify Data Client</stat>
</suite>
</statistics>
<errors>
</errors>
</robot>
